{"/home/conor/projects/quickphotos/src/Post.ts": {"path":"/home/conor/projects/quickphotos/src/Post.ts","statementMap":{"0":{"start":{"line":1,"column":0},"end":{"line":1,"column":53}},"1":{"start":{"line":2,"column":0},"end":{"line":2,"column":26}},"2":{"start":{"line":5,"column":0},"end":{"line":17,"column":null}},"3":{"start":{"line":7,"column":2},"end":{"line":7,"column":null}},"4":{"start":{"line":6,"column":19},"end":{"line":6,"column":21}},"5":{"start":{"line":10,"column":2},"end":{"line":10,"column":null}},"6":{"start":{"line":13,"column":2},"end":{"line":13,"column":null}},"7":{"start":{"line":16,"column":2},"end":{"line":16,"column":null}},"8":{"start":{"line":5,"column":13},"end":{"line":17,"column":null}},"9":{"start":{"line":5,"column":13},"end":{"line":5,"column":17}}},"fnMap":{"0":{"name":"(anonymous_2)","decl":{"start":{"line":6,"column":9},"end":{"line":6,"column":10}},"loc":{"start":{"line":6,"column":19},"end":{"line":6,"column":21}}}},"branchMap":{},"s":{"0":1,"1":1,"2":1,"3":1,"4":1,"5":1,"6":1,"7":1,"8":1,"9":1},"f":{"0":1},"b":{}}
,"/home/conor/projects/quickphotos/src/PostResolver.ts": {"path":"/home/conor/projects/quickphotos/src/PostResolver.ts","statementMap":{"0":{"start":{"line":1,"column":0},"end":{"line":1,"column":52}},"1":{"start":{"line":2,"column":0},"end":{"line":2,"column":30}},"2":{"start":{"line":6,"column":0},"end":{"line":11,"column":null}},"3":{"start":{"line":9,"column":4},"end":{"line":9,"column":34}},"4":{"start":{"line":8,"column":2},"end":{"line":10,"column":null}},"5":{"start":{"line":7,"column":15},"end":{"line":7,"column":21}},"6":{"start":{"line":6,"column":13},"end":{"line":11,"column":null}},"7":{"start":{"line":6,"column":13},"end":{"line":6,"column":25}}},"fnMap":{"0":{"name":"(anonymous_4)","decl":{"start":{"line":8,"column":2},"end":{"line":8,"column":7}},"loc":{"start":{"line":8,"column":34},"end":{"line":10,"column":3}}},"1":{"name":"(anonymous_5)","decl":{"start":{"line":7,"column":9},"end":{"line":7,"column":12}},"loc":{"start":{"line":7,"column":15},"end":{"line":7,"column":21}}}},"branchMap":{},"s":{"0":1,"1":1,"2":1,"3":1,"4":1,"5":1,"6":1,"7":1},"f":{"0":1,"1":1},"b":{}}
,"/home/conor/projects/quickphotos/src/context.ts": {"path":"/home/conor/projects/quickphotos/src/context.ts","statementMap":{"0":{"start":{"line":1,"column":0},"end":{"line":1,"column":46}},"1":{"start":{"line":3,"column":15},"end":{"line":5,"column":2}},"2":{"start":{"line":11,"column":13},"end":{"line":13,"column":2}}},"fnMap":{},"branchMap":{},"s":{"0":1,"1":1,"2":1},"f":{},"b":{}}
,"/home/conor/projects/quickphotos/tests/testSever.ts": {"path":"/home/conor/projects/quickphotos/tests/testSever.ts","statementMap":{"0":{"start":{"line":1,"column":0},"end":{"line":1,"column":53}},"1":{"start":{"line":2,"column":0},"end":{"line":2,"column":51}},"2":{"start":{"line":3,"column":0},"end":{"line":3,"column":43}},"3":{"start":{"line":4,"column":0},"end":{"line":4,"column":26}},"4":{"start":{"line":6,"column":31},"end":{"line":19,"column":1}},"5":{"start":{"line":7,"column":17},"end":{"line":12,"column":4}},"6":{"start":{"line":14,"column":2},"end":{"line":14,"column":23}},"7":{"start":{"line":16,"column":2},"end":{"line":16,"column":40}},"8":{"start":{"line":18,"column":2},"end":{"line":18,"column":20}},"9":{"start":{"line":6,"column":13},"end":{"line":6,"column":31}}},"fnMap":{"0":{"name":"(anonymous_0)","decl":{"start":{"line":6,"column":31},"end":{"line":6,"column":36}},"loc":{"start":{"line":6,"column":63},"end":{"line":19,"column":1}}}},"branchMap":{"0":{"loc":{"start":{"line":6,"column":38},"end":{"line":6,"column":59}},"type":"default-arg","locations":[{"start":{"line":6,"column":57},"end":{"line":6,"column":59}}]},"1":{"loc":{"start":{"line":6,"column":40},"end":{"line":6,"column":52}},"type":"default-arg","locations":[{"start":{"line":6,"column":50},"end":{"line":6,"column":52}}]}},"s":{"0":1,"1":1,"2":1,"3":1,"4":1,"5":1,"6":1,"7":1,"8":1,"9":1},"f":{"0":1},"b":{"0":[0],"1":[0]}}
}
